[05-Feb-2023 22:13:50 UTC] PHP Warning:  mysqli_real_connect(): (HY000/2002): Connection refused in /var/www/html/wp-includes/class-wpdb.php on line 1775
[05-Feb-2023 22:13:50 UTC] PHP Warning:  mysqli_real_connect(): (HY000/2002): Connection refused in /var/www/html/wp-includes/class-wpdb.php on line 1775
[05-Feb-2023 22:15:35 UTC] PHP Deprecated:  Optional parameter $id declared before required parameter $meta_value is implicitly treated as a required parameter in /var/www/html/wp-content/plugins/mobile-dj-manager/includes/availability/class-mdjm-db-availability-meta.php on line 112
[05-Feb-2023 22:15:35 UTC] PHP Deprecated:  Optional parameter $meta_key declared before required parameter $meta_value is implicitly treated as a required parameter in /var/www/html/wp-content/plugins/mobile-dj-manager/includes/availability/class-mdjm-db-availability-meta.php on line 112
[05-Feb-2023 22:15:35 UTC] PHP Deprecated:  Optional parameter $id declared before required parameter $meta_value is implicitly treated as a required parameter in /var/www/html/wp-content/plugins/mobile-dj-manager/includes/availability/class-mdjm-db-availability-meta.php on line 141
[05-Feb-2023 22:15:35 UTC] PHP Deprecated:  Optional parameter $meta_key declared before required parameter $meta_value is implicitly treated as a required parameter in /var/www/html/wp-content/plugins/mobile-dj-manager/includes/availability/class-mdjm-db-availability-meta.php on line 141
[05-Feb-2023 22:15:36 UTC] PHP Deprecated:  Optional parameter $id declared before required parameter $meta_value is implicitly treated as a required parameter in /var/www/html/wp-content/plugins/mobile-dj-manager/includes/playlist/class-mdjm-db-playlist-meta.php on line 108
[05-Feb-2023 22:15:36 UTC] PHP Deprecated:  Optional parameter $meta_key declared before required parameter $meta_value is implicitly treated as a required parameter in /var/www/html/wp-content/plugins/mobile-dj-manager/includes/playlist/class-mdjm-db-playlist-meta.php on line 108
[05-Feb-2023 22:15:36 UTC] PHP Deprecated:  Optional parameter $id declared before required parameter $meta_value is implicitly treated as a required parameter in /var/www/html/wp-content/plugins/mobile-dj-manager/includes/playlist/class-mdjm-db-playlist-meta.php on line 136
[05-Feb-2023 22:15:36 UTC] PHP Deprecated:  Optional parameter $meta_key declared before required parameter $meta_value is implicitly treated as a required parameter in /var/www/html/wp-content/plugins/mobile-dj-manager/includes/playlist/class-mdjm-db-playlist-meta.php on line 136
[05-Feb-2023 22:15:36 UTC] PHP Deprecated:  Optional parameter $field declared before required parameter $slug is implicitly treated as a required parameter in /var/www/html/wp-content/plugins/mobile-dj-manager/includes/txns/txn-functions.php on line 111
[05-Feb-2023 22:15:38 UTC] PHP Deprecated:  Optional parameter $day declared before required parameter $month_num is implicitly treated as a required parameter in /var/www/html/wp-content/plugins/mobile-dj-manager/includes/class-mdjm-stats.php on line 691
[05-Feb-2023 22:15:38 UTC] PHP Deprecated:  Optional parameter $day declared before required parameter $month_num is implicitly treated as a required parameter in /var/www/html/wp-content/plugins/mobile-dj-manager/includes/class-mdjm-stats.php on line 839
[05-Feb-2023 22:15:38 UTC] PHP Deprecated:  Optional parameter $day declared before required parameter $month_num is implicitly treated as a required parameter in /var/www/html/wp-content/plugins/mobile-dj-manager/includes/class-mdjm-stats.php on line 887
[05-Feb-2023 22:15:38 UTC] PHP Deprecated:  Optional parameter $day declared before required parameter $month_num is implicitly treated as a required parameter in /var/www/html/wp-content/plugins/mobile-dj-manager/includes/class-mdjm-stats.php on line 935
[05-Feb-2023 22:15:38 UTC] PHP Deprecated:  Optional parameter $event_ids declared before required parameter $term is implicitly treated as a required parameter in /var/www/html/wp-content/plugins/mobile-dj-manager/includes/class-mdjm-stats.php on line 997
[05-Feb-2023 22:15:38 UTC] PHP Deprecated:  Optional parameter $tax declared before required parameter $term is implicitly treated as a required parameter in /var/www/html/wp-content/plugins/mobile-dj-manager/includes/class-mdjm-stats.php on line 997
[05-Feb-2023 22:15:39 UTC] PHP Deprecated:  Return type of Requests_Cookie_Jar::offsetExists($key) should either be compatible with ArrayAccess::offsetExists(mixed $offset): bool, or the #[\ReturnTypeWillChange] attribute should be used to temporarily suppress the notice in /var/www/html/wp-includes/Requests/Cookie/Jar.php on line 63
[05-Feb-2023 22:15:39 UTC] PHP Deprecated:  Return type of Requests_Cookie_Jar::offsetGet($key) should either be compatible with ArrayAccess::offsetGet(mixed $offset): mixed, or the #[\ReturnTypeWillChange] attribute should be used to temporarily suppress the notice in /var/www/html/wp-includes/Requests/Cookie/Jar.php on line 73
[05-Feb-2023 22:15:39 UTC] PHP Deprecated:  Return type of Requests_Cookie_Jar::offsetSet($key, $value) should either be compatible with ArrayAccess::offsetSet(mixed $offset, mixed $value): void, or the #[\ReturnTypeWillChange] attribute should be used to temporarily suppress the notice in /var/www/html/wp-includes/Requests/Cookie/Jar.php on line 89
[05-Feb-2023 22:15:39 UTC] PHP Deprecated:  Return type of Requests_Cookie_Jar::offsetUnset($key) should either be compatible with ArrayAccess::offsetUnset(mixed $offset): void, or the #[\ReturnTypeWillChange] attribute should be used to temporarily suppress the notice in /var/www/html/wp-includes/Requests/Cookie/Jar.php on line 102
[05-Feb-2023 22:15:39 UTC] PHP Deprecated:  Return type of Requests_Cookie_Jar::getIterator() should either be compatible with IteratorAggregate::getIterator(): Traversable, or the #[\ReturnTypeWillChange] attribute should be used to temporarily suppress the notice in /var/www/html/wp-includes/Requests/Cookie/Jar.php on line 111
[05-Feb-2023 22:15:39 UTC] PHP Deprecated:  Return type of Requests_Utility_CaseInsensitiveDictionary::offsetExists($key) should either be compatible with ArrayAccess::offsetExists(mixed $offset): bool, or the #[\ReturnTypeWillChange] attribute should be used to temporarily suppress the notice in /var/www/html/wp-includes/Requests/Utility/CaseInsensitiveDictionary.php on line 40
[05-Feb-2023 22:15:39 UTC] PHP Deprecated:  Return type of Requests_Utility_CaseInsensitiveDictionary::offsetGet($key) should either be compatible with ArrayAccess::offsetGet(mixed $offset): mixed, or the #[\ReturnTypeWillChange] attribute should be used to temporarily suppress the notice in /var/www/html/wp-includes/Requests/Utility/CaseInsensitiveDictionary.php on line 51
[05-Feb-2023 22:15:39 UTC] PHP Deprecated:  Return type of Requests_Utility_CaseInsensitiveDictionary::offsetSet($key, $value) should either be compatible with ArrayAccess::offsetSet(mixed $offset, mixed $value): void, or the #[\ReturnTypeWillChange] attribute should be used to temporarily suppress the notice in /var/www/html/wp-includes/Requests/Utility/CaseInsensitiveDictionary.php on line 68
[05-Feb-2023 22:15:39 UTC] PHP Deprecated:  Return type of Requests_Utility_CaseInsensitiveDictionary::offsetUnset($key) should either be compatible with ArrayAccess::offsetUnset(mixed $offset): void, or the #[\ReturnTypeWillChange] attribute should be used to temporarily suppress the notice in /var/www/html/wp-includes/Requests/Utility/CaseInsensitiveDictionary.php on line 82
[05-Feb-2023 22:15:39 UTC] PHP Deprecated:  Return type of Requests_Utility_CaseInsensitiveDictionary::getIterator() should either be compatible with IteratorAggregate::getIterator(): Traversable, or the #[\ReturnTypeWillChange] attribute should be used to temporarily suppress the notice in /var/www/html/wp-includes/Requests/Utility/CaseInsensitiveDictionary.php on line 91
[05-Feb-2023 22:15:55 UTC] PHP Deprecated:  preg_replace(): Passing null to parameter #3 ($subject) of type array|string is deprecated in /var/www/html/wp-includes/formatting.php on line 5397
[05-Feb-2023 22:15:55 UTC] PHP Deprecated:  trim(): Passing null to parameter #1 ($string) of type string is deprecated in /var/www/html/wp-includes/pluggable.php on line 598
[05-Feb-2023 22:16:22 UTC] PHP Deprecated:  Automatic conversion of false to array is deprecated in /var/www/html/wp-content/plugins/mobile-dj-manager/includes/journal-functions.php on line 279
[05-Feb-2023 22:16:22 UTC] PHP Deprecated:  strpos(): Passing null to parameter #1 ($haystack) of type string is deprecated in /var/www/html/wp-includes/functions.php on line 7022
[05-Feb-2023 22:16:22 UTC] PHP Deprecated:  str_replace(): Passing null to parameter #3 ($subject) of type array|string is deprecated in /var/www/html/wp-includes/functions.php on line 2162
[05-Feb-2023 22:16:22 UTC] PHP Deprecated:  strpos(): Passing null to parameter #1 ($haystack) of type string is deprecated in /var/www/html/wp-includes/functions.php on line 7022
[05-Feb-2023 22:16:22 UTC] PHP Deprecated:  str_replace(): Passing null to parameter #3 ($subject) of type array|string is deprecated in /var/www/html/wp-includes/functions.php on line 2162
[05-Feb-2023 22:16:22 UTC] PHP Deprecated:  strpos(): Passing null to parameter #1 ($haystack) of type string is deprecated in /var/www/html/wp-includes/functions.php on line 7022
[05-Feb-2023 22:16:22 UTC] PHP Deprecated:  str_replace(): Passing null to parameter #3 ($subject) of type array|string is deprecated in /var/www/html/wp-includes/functions.php on line 2162
[05-Feb-2023 22:16:22 UTC] PHP Deprecated:  strpos(): Passing null to parameter #1 ($haystack) of type string is deprecated in /var/www/html/wp-includes/functions.php on line 7022
[05-Feb-2023 22:16:22 UTC] PHP Deprecated:  str_replace(): Passing null to parameter #3 ($subject) of type array|string is deprecated in /var/www/html/wp-includes/functions.php on line 2162
[05-Feb-2023 22:16:22 UTC] PHP Deprecated:  Return type of Requests_Cookie_Jar::offsetExists($key) should either be compatible with ArrayAccess::offsetExists(mixed $offset): bool, or the #[\ReturnTypeWillChange] attribute should be used to temporarily suppress the notice in /var/www/html/wp-includes/Requests/Cookie/Jar.php on line 63
[05-Feb-2023 22:16:22 UTC] PHP Deprecated:  Return type of Requests_Cookie_Jar::offsetGet($key) should either be compatible with ArrayAccess::offsetGet(mixed $offset): mixed, or the #[\ReturnTypeWillChange] attribute should be used to temporarily suppress the notice in /var/www/html/wp-includes/Requests/Cookie/Jar.php on line 73
[05-Feb-2023 22:16:22 UTC] PHP Deprecated:  Return type of Requests_Cookie_Jar::offsetSet($key, $value) should either be compatible with ArrayAccess::offsetSet(mixed $offset, mixed $value): void, or the #[\ReturnTypeWillChange] attribute should be used to temporarily suppress the notice in /var/www/html/wp-includes/Requests/Cookie/Jar.php on line 89
[05-Feb-2023 22:16:22 UTC] PHP Deprecated:  Return type of Requests_Cookie_Jar::offsetUnset($key) should either be compatible with ArrayAccess::offsetUnset(mixed $offset): void, or the #[\ReturnTypeWillChange] attribute should be used to temporarily suppress the notice in /var/www/html/wp-includes/Requests/Cookie/Jar.php on line 102
[05-Feb-2023 22:16:22 UTC] PHP Deprecated:  Return type of Requests_Cookie_Jar::getIterator() should either be compatible with IteratorAggregate::getIterator(): Traversable, or the #[\ReturnTypeWillChange] attribute should be used to temporarily suppress the notice in /var/www/html/wp-includes/Requests/Cookie/Jar.php on line 111
[05-Feb-2023 22:16:22 UTC] PHP Deprecated:  http_build_query(): Passing null to parameter #2 ($numeric_prefix) of type string is deprecated in /var/www/html/wp-includes/Requests/Transport/cURL.php on line 345
[05-Feb-2023 22:16:23 UTC] PHP Deprecated:  Return type of Requests_Utility_CaseInsensitiveDictionary::offsetExists($key) should either be compatible with ArrayAccess::offsetExists(mixed $offset): bool, or the #[\ReturnTypeWillChange] attribute should be used to temporarily suppress the notice in /var/www/html/wp-includes/Requests/Utility/CaseInsensitiveDictionary.php on line 40
[05-Feb-2023 22:16:23 UTC] PHP Deprecated:  Return type of Requests_Utility_CaseInsensitiveDictionary::offsetGet($key) should either be compatible with ArrayAccess::offsetGet(mixed $offset): mixed, or the #[\ReturnTypeWillChange] attribute should be used to temporarily suppress the notice in /var/www/html/wp-includes/Requests/Utility/CaseInsensitiveDictionary.php on line 51
[05-Feb-2023 22:16:23 UTC] PHP Deprecated:  Return type of Requests_Utility_CaseInsensitiveDictionary::offsetSet($key, $value) should either be compatible with ArrayAccess::offsetSet(mixed $offset, mixed $value): void, or the #[\ReturnTypeWillChange] attribute should be used to temporarily suppress the notice in /var/www/html/wp-includes/Requests/Utility/CaseInsensitiveDictionary.php on line 68
[05-Feb-2023 22:16:23 UTC] PHP Deprecated:  Return type of Requests_Utility_CaseInsensitiveDictionary::offsetUnset($key) should either be compatible with ArrayAccess::offsetUnset(mixed $offset): void, or the #[\ReturnTypeWillChange] attribute should be used to temporarily suppress the notice in /var/www/html/wp-includes/Requests/Utility/CaseInsensitiveDictionary.php on line 82
[05-Feb-2023 22:16:23 UTC] PHP Deprecated:  Return type of Requests_Utility_CaseInsensitiveDictionary::getIterator() should either be compatible with IteratorAggregate::getIterator(): Traversable, or the #[\ReturnTypeWillChange] attribute should be used to temporarily suppress the notice in /var/www/html/wp-includes/Requests/Utility/CaseInsensitiveDictionary.php on line 91
[05-Feb-2023 22:16:23 UTC] PHP Deprecated:  http_build_query(): Passing null to parameter #2 ($numeric_prefix) of type string is deprecated in /var/www/html/wp-includes/Requests/Transport/cURL.php on line 345
[05-Feb-2023 22:16:26 UTC] PHP Fatal error:  Uncaught Error: Call to undefined function cal_days_in_month() in /var/www/html/wp-content/plugins/mobile-dj-manager/includes/class-mdjm-stats.php:199
Stack trace:
#0 /var/www/html/wp-content/plugins/mobile-dj-manager/includes/class-mdjm-stats.php(161): MDJM_Stats->convert_date('this_month', true)
#1 /var/www/html/wp-content/plugins/mobile-dj-manager/includes/class-mdjm-stats.php(1067): MDJM_Stats->setup_dates('this_month')
#2 /var/www/html/wp-content/plugins/mobile-dj-manager/includes/admin/dashboard-widgets.php(202): MDJM_Stats->get_enquiry_sources_by_date('this_month')
#3 /var/www/html/wp-admin/includes/template.php(1409): mdjm_widget_events_overview('', Array)
#4 /var/www/html/wp-admin/includes/dashboard.php(271): do_meta_boxes(Object(WP_Screen), 'normal', '')
#5 /var/www/html/wp-admin/index.php(203): wp_dashboard()
#6 {main}
  thrown in /var/www/html/wp-content/plugins/mobile-dj-manager/includes/class-mdjm-stats.php on line 199
[05-Feb-2023 22:16:29 UTC] PHP Deprecated:  Automatic conversion of false to array is deprecated in /var/www/html/wp-content/plugins/mobile-dj-manager/includes/journal-functions.php on line 279
[05-Feb-2023 22:16:31 UTC] PHP Deprecated:  Automatic conversion of false to array is deprecated in /var/www/html/wp-content/plugins/mobile-dj-manager/includes/journal-functions.php on line 279
[05-Feb-2023 22:16:35 UTC] PHP Deprecated:  strpos(): Passing null to parameter #1 ($haystack) of type string is deprecated in /var/www/html/wp-includes/functions.php on line 7022
[05-Feb-2023 22:16:35 UTC] PHP Deprecated:  str_replace(): Passing null to parameter #3 ($subject) of type array|string is deprecated in /var/www/html/wp-includes/functions.php on line 2162
[05-Feb-2023 22:16:35 UTC] PHP Deprecated:  strpos(): Passing null to parameter #1 ($haystack) of type string is deprecated in /var/www/html/wp-includes/functions.php on line 7022
[05-Feb-2023 22:16:35 UTC] PHP Deprecated:  str_replace(): Passing null to parameter #3 ($subject) of type array|string is deprecated in /var/www/html/wp-includes/functions.php on line 2162
[05-Feb-2023 22:16:35 UTC] PHP Deprecated:  strpos(): Passing null to parameter #1 ($haystack) of type string is deprecated in /var/www/html/wp-includes/functions.php on line 7022
[05-Feb-2023 22:16:35 UTC] PHP Deprecated:  str_replace(): Passing null to parameter #3 ($subject) of type array|string is deprecated in /var/www/html/wp-includes/functions.php on line 2162
[05-Feb-2023 22:16:35 UTC] PHP Deprecated:  strpos(): Passing null to parameter #1 ($haystack) of type string is deprecated in /var/www/html/wp-includes/functions.php on line 7022
[05-Feb-2023 22:16:35 UTC] PHP Deprecated:  str_replace(): Passing null to parameter #3 ($subject) of type array|string is deprecated in /var/www/html/wp-includes/functions.php on line 2162
[05-Feb-2023 22:16:38 UTC] PHP Deprecated:  Automatic conversion of false to array is deprecated in /var/www/html/wp-content/plugins/mobile-dj-manager/includes/journal-functions.php on line 279
[05-Feb-2023 22:16:39 UTC] PHP Deprecated:  Return type of Requests_Cookie_Jar::offsetExists($key) should either be compatible with ArrayAccess::offsetExists(mixed $offset): bool, or the #[\ReturnTypeWillChange] attribute should be used to temporarily suppress the notice in /var/www/html/wp-includes/Requests/Cookie/Jar.php on line 63
[05-Feb-2023 22:16:39 UTC] PHP Deprecated:  Return type of Requests_Cookie_Jar::offsetGet($key) should either be compatible with ArrayAccess::offsetGet(mixed $offset): mixed, or the #[\ReturnTypeWillChange] attribute should be used to temporarily suppress the notice in /var/www/html/wp-includes/Requests/Cookie/Jar.php on line 73
[05-Feb-2023 22:16:39 UTC] PHP Deprecated:  Return type of Requests_Cookie_Jar::offsetSet($key, $value) should either be compatible with ArrayAccess::offsetSet(mixed $offset, mixed $value): void, or the #[\ReturnTypeWillChange] attribute should be used to temporarily suppress the notice in /var/www/html/wp-includes/Requests/Cookie/Jar.php on line 89
[05-Feb-2023 22:16:39 UTC] PHP Deprecated:  Return type of Requests_Cookie_Jar::offsetUnset($key) should either be compatible with ArrayAccess::offsetUnset(mixed $offset): void, or the #[\ReturnTypeWillChange] attribute should be used to temporarily suppress the notice in /var/www/html/wp-includes/Requests/Cookie/Jar.php on line 102
[05-Feb-2023 22:16:39 UTC] PHP Deprecated:  Return type of Requests_Cookie_Jar::getIterator() should either be compatible with IteratorAggregate::getIterator(): Traversable, or the #[\ReturnTypeWillChange] attribute should be used to temporarily suppress the notice in /var/www/html/wp-includes/Requests/Cookie/Jar.php on line 111
[05-Feb-2023 22:16:39 UTC] PHP Deprecated:  Return type of Requests_Utility_CaseInsensitiveDictionary::offsetExists($key) should either be compatible with ArrayAccess::offsetExists(mixed $offset): bool, or the #[\ReturnTypeWillChange] attribute should be used to temporarily suppress the notice in /var/www/html/wp-includes/Requests/Utility/CaseInsensitiveDictionary.php on line 40
[05-Feb-2023 22:16:39 UTC] PHP Deprecated:  Return type of Requests_Utility_CaseInsensitiveDictionary::offsetGet($key) should either be compatible with ArrayAccess::offsetGet(mixed $offset): mixed, or the #[\ReturnTypeWillChange] attribute should be used to temporarily suppress the notice in /var/www/html/wp-includes/Requests/Utility/CaseInsensitiveDictionary.php on line 51
[05-Feb-2023 22:16:39 UTC] PHP Deprecated:  Return type of Requests_Utility_CaseInsensitiveDictionary::offsetSet($key, $value) should either be compatible with ArrayAccess::offsetSet(mixed $offset, mixed $value): void, or the #[\ReturnTypeWillChange] attribute should be used to temporarily suppress the notice in /var/www/html/wp-includes/Requests/Utility/CaseInsensitiveDictionary.php on line 68
[05-Feb-2023 22:16:39 UTC] PHP Deprecated:  Return type of Requests_Utility_CaseInsensitiveDictionary::offsetUnset($key) should either be compatible with ArrayAccess::offsetUnset(mixed $offset): void, or the #[\ReturnTypeWillChange] attribute should be used to temporarily suppress the notice in /var/www/html/wp-includes/Requests/Utility/CaseInsensitiveDictionary.php on line 82
[05-Feb-2023 22:16:40 UTC] PHP Deprecated:  Return type of Requests_Utility_CaseInsensitiveDictionary::getIterator() should either be compatible with IteratorAggregate::getIterator(): Traversable, or the #[\ReturnTypeWillChange] attribute should be used to temporarily suppress the notice in /var/www/html/wp-includes/Requests/Utility/CaseInsensitiveDictionary.php on line 91
[05-Feb-2023 22:16:40 UTC] PHP Deprecated:  Automatic conversion of false to array is deprecated in /var/www/html/wp-content/plugins/mobile-dj-manager/includes/journal-functions.php on line 279
[05-Feb-2023 22:18:58 UTC] PHP Deprecated:  Return type of Requests_Cookie_Jar::offsetExists($key) should either be compatible with ArrayAccess::offsetExists(mixed $offset): bool, or the #[\ReturnTypeWillChange] attribute should be used to temporarily suppress the notice in /var/www/html/wp-includes/Requests/Cookie/Jar.php on line 63
[05-Feb-2023 22:18:58 UTC] PHP Deprecated:  Return type of Requests_Cookie_Jar::offsetGet($key) should either be compatible with ArrayAccess::offsetGet(mixed $offset): mixed, or the #[\ReturnTypeWillChange] attribute should be used to temporarily suppress the notice in /var/www/html/wp-includes/Requests/Cookie/Jar.php on line 73
[05-Feb-2023 22:18:58 UTC] PHP Deprecated:  Return type of Requests_Cookie_Jar::offsetSet($key, $value) should either be compatible with ArrayAccess::offsetSet(mixed $offset, mixed $value): void, or the #[\ReturnTypeWillChange] attribute should be used to temporarily suppress the notice in /var/www/html/wp-includes/Requests/Cookie/Jar.php on line 89
[05-Feb-2023 22:18:58 UTC] PHP Deprecated:  Return type of Requests_Cookie_Jar::offsetUnset($key) should either be compatible with ArrayAccess::offsetUnset(mixed $offset): void, or the #[\ReturnTypeWillChange] attribute should be used to temporarily suppress the notice in /var/www/html/wp-includes/Requests/Cookie/Jar.php on line 102
[05-Feb-2023 22:18:58 UTC] PHP Deprecated:  Return type of Requests_Cookie_Jar::getIterator() should either be compatible with IteratorAggregate::getIterator(): Traversable, or the #[\ReturnTypeWillChange] attribute should be used to temporarily suppress the notice in /var/www/html/wp-includes/Requests/Cookie/Jar.php on line 111
[05-Feb-2023 22:18:58 UTC] PHP Deprecated:  Return type of Requests_Utility_CaseInsensitiveDictionary::offsetExists($key) should either be compatible with ArrayAccess::offsetExists(mixed $offset): bool, or the #[\ReturnTypeWillChange] attribute should be used to temporarily suppress the notice in /var/www/html/wp-includes/Requests/Utility/CaseInsensitiveDictionary.php on line 40
[05-Feb-2023 22:18:59 UTC] PHP Deprecated:  Return type of Requests_Utility_CaseInsensitiveDictionary::offsetGet($key) should either be compatible with ArrayAccess::offsetGet(mixed $offset): mixed, or the #[\ReturnTypeWillChange] attribute should be used to temporarily suppress the notice in /var/www/html/wp-includes/Requests/Utility/CaseInsensitiveDictionary.php on line 51
[05-Feb-2023 22:18:59 UTC] PHP Deprecated:  Return type of Requests_Utility_CaseInsensitiveDictionary::offsetSet($key, $value) should either be compatible with ArrayAccess::offsetSet(mixed $offset, mixed $value): void, or the #[\ReturnTypeWillChange] attribute should be used to temporarily suppress the notice in /var/www/html/wp-includes/Requests/Utility/CaseInsensitiveDictionary.php on line 68
[05-Feb-2023 22:18:59 UTC] PHP Deprecated:  Return type of Requests_Utility_CaseInsensitiveDictionary::offsetUnset($key) should either be compatible with ArrayAccess::offsetUnset(mixed $offset): void, or the #[\ReturnTypeWillChange] attribute should be used to temporarily suppress the notice in /var/www/html/wp-includes/Requests/Utility/CaseInsensitiveDictionary.php on line 82
[05-Feb-2023 22:18:59 UTC] PHP Deprecated:  Return type of Requests_Utility_CaseInsensitiveDictionary::getIterator() should either be compatible with IteratorAggregate::getIterator(): Traversable, or the #[\ReturnTypeWillChange] attribute should be used to temporarily suppress the notice in /var/www/html/wp-includes/Requests/Utility/CaseInsensitiveDictionary.php on line 91
[05-Feb-2023 22:20:11 UTC] PHP Deprecated:  Return type of Requests_Cookie_Jar::offsetExists($key) should either be compatible with ArrayAccess::offsetExists(mixed $offset): bool, or the #[\ReturnTypeWillChange] attribute should be used to temporarily suppress the notice in /var/www/html/wp-includes/Requests/Cookie/Jar.php on line 63
[05-Feb-2023 22:20:11 UTC] PHP Deprecated:  Return type of Requests_Cookie_Jar::offsetGet($key) should either be compatible with ArrayAccess::offsetGet(mixed $offset): mixed, or the #[\ReturnTypeWillChange] attribute should be used to temporarily suppress the notice in /var/www/html/wp-includes/Requests/Cookie/Jar.php on line 73
[05-Feb-2023 22:20:11 UTC] PHP Deprecated:  Return type of Requests_Cookie_Jar::offsetSet($key, $value) should either be compatible with ArrayAccess::offsetSet(mixed $offset, mixed $value): void, or the #[\ReturnTypeWillChange] attribute should be used to temporarily suppress the notice in /var/www/html/wp-includes/Requests/Cookie/Jar.php on line 89
[05-Feb-2023 22:20:11 UTC] PHP Deprecated:  Return type of Requests_Cookie_Jar::offsetUnset($key) should either be compatible with ArrayAccess::offsetUnset(mixed $offset): void, or the #[\ReturnTypeWillChange] attribute should be used to temporarily suppress the notice in /var/www/html/wp-includes/Requests/Cookie/Jar.php on line 102
[05-Feb-2023 22:20:11 UTC] PHP Deprecated:  Return type of Requests_Cookie_Jar::getIterator() should either be compatible with IteratorAggregate::getIterator(): Traversable, or the #[\ReturnTypeWillChange] attribute should be used to temporarily suppress the notice in /var/www/html/wp-includes/Requests/Cookie/Jar.php on line 111
[05-Feb-2023 22:20:11 UTC] PHP Deprecated:  Return type of Requests_Utility_CaseInsensitiveDictionary::offsetExists($key) should either be compatible with ArrayAccess::offsetExists(mixed $offset): bool, or the #[\ReturnTypeWillChange] attribute should be used to temporarily suppress the notice in /var/www/html/wp-includes/Requests/Utility/CaseInsensitiveDictionary.php on line 40
[05-Feb-2023 22:20:11 UTC] PHP Deprecated:  Return type of Requests_Utility_CaseInsensitiveDictionary::offsetGet($key) should either be compatible with ArrayAccess::offsetGet(mixed $offset): mixed, or the #[\ReturnTypeWillChange] attribute should be used to temporarily suppress the notice in /var/www/html/wp-includes/Requests/Utility/CaseInsensitiveDictionary.php on line 51
[05-Feb-2023 22:20:11 UTC] PHP Deprecated:  Return type of Requests_Utility_CaseInsensitiveDictionary::offsetSet($key, $value) should either be compatible with ArrayAccess::offsetSet(mixed $offset, mixed $value): void, or the #[\ReturnTypeWillChange] attribute should be used to temporarily suppress the notice in /var/www/html/wp-includes/Requests/Utility/CaseInsensitiveDictionary.php on line 68
[05-Feb-2023 22:20:11 UTC] PHP Deprecated:  Return type of Requests_Utility_CaseInsensitiveDictionary::offsetUnset($key) should either be compatible with ArrayAccess::offsetUnset(mixed $offset): void, or the #[\ReturnTypeWillChange] attribute should be used to temporarily suppress the notice in /var/www/html/wp-includes/Requests/Utility/CaseInsensitiveDictionary.php on line 82
[05-Feb-2023 22:20:11 UTC] PHP Deprecated:  Return type of Requests_Utility_CaseInsensitiveDictionary::getIterator() should either be compatible with IteratorAggregate::getIterator(): Traversable, or the #[\ReturnTypeWillChange] attribute should be used to temporarily suppress the notice in /var/www/html/wp-includes/Requests/Utility/CaseInsensitiveDictionary.php on line 91
[05-Feb-2023 22:20:15 UTC] PHP Deprecated:  strpos(): Passing null to parameter #1 ($haystack) of type string is deprecated in /var/www/html/wp-includes/functions.php on line 7022
[05-Feb-2023 22:20:15 UTC] PHP Deprecated:  str_replace(): Passing null to parameter #3 ($subject) of type array|string is deprecated in /var/www/html/wp-includes/functions.php on line 2162
[05-Feb-2023 22:20:15 UTC] PHP Deprecated:  strpos(): Passing null to parameter #1 ($haystack) of type string is deprecated in /var/www/html/wp-includes/functions.php on line 7022
[05-Feb-2023 22:20:15 UTC] PHP Deprecated:  str_replace(): Passing null to parameter #3 ($subject) of type array|string is deprecated in /var/www/html/wp-includes/functions.php on line 2162
[05-Feb-2023 22:20:15 UTC] PHP Deprecated:  strpos(): Passing null to parameter #1 ($haystack) of type string is deprecated in /var/www/html/wp-includes/functions.php on line 7022
[05-Feb-2023 22:20:15 UTC] PHP Deprecated:  str_replace(): Passing null to parameter #3 ($subject) of type array|string is deprecated in /var/www/html/wp-includes/functions.php on line 2162
[05-Feb-2023 22:20:15 UTC] PHP Deprecated:  strpos(): Passing null to parameter #1 ($haystack) of type string is deprecated in /var/www/html/wp-includes/functions.php on line 7022
[05-Feb-2023 22:20:15 UTC] PHP Deprecated:  str_replace(): Passing null to parameter #3 ($subject) of type array|string is deprecated in /var/www/html/wp-includes/functions.php on line 2162
[05-Feb-2023 22:20:16 UTC] PHP Warning:  Undefined variable $venue_postcode in /var/www/html/wp-content/plugins/mobile-dj-manager/includes/travel-functions.php on line 345
[05-Feb-2023 22:20:16 UTC] PHP Deprecated:  Return type of Requests_Cookie_Jar::offsetExists($key) should either be compatible with ArrayAccess::offsetExists(mixed $offset): bool, or the #[\ReturnTypeWillChange] attribute should be used to temporarily suppress the notice in /var/www/html/wp-includes/Requests/Cookie/Jar.php on line 63
[05-Feb-2023 22:20:16 UTC] PHP Deprecated:  Return type of Requests_Cookie_Jar::offsetGet($key) should either be compatible with ArrayAccess::offsetGet(mixed $offset): mixed, or the #[\ReturnTypeWillChange] attribute should be used to temporarily suppress the notice in /var/www/html/wp-includes/Requests/Cookie/Jar.php on line 73
[05-Feb-2023 22:20:16 UTC] PHP Deprecated:  Return type of Requests_Cookie_Jar::offsetSet($key, $value) should either be compatible with ArrayAccess::offsetSet(mixed $offset, mixed $value): void, or the #[\ReturnTypeWillChange] attribute should be used to temporarily suppress the notice in /var/www/html/wp-includes/Requests/Cookie/Jar.php on line 89
[05-Feb-2023 22:20:16 UTC] PHP Deprecated:  Return type of Requests_Cookie_Jar::offsetUnset($key) should either be compatible with ArrayAccess::offsetUnset(mixed $offset): void, or the #[\ReturnTypeWillChange] attribute should be used to temporarily suppress the notice in /var/www/html/wp-includes/Requests/Cookie/Jar.php on line 102
[05-Feb-2023 22:20:16 UTC] PHP Deprecated:  Return type of Requests_Cookie_Jar::getIterator() should either be compatible with IteratorAggregate::getIterator(): Traversable, or the #[\ReturnTypeWillChange] attribute should be used to temporarily suppress the notice in /var/www/html/wp-includes/Requests/Cookie/Jar.php on line 111
[05-Feb-2023 22:20:16 UTC] PHP Deprecated:  Return type of Requests_Utility_CaseInsensitiveDictionary::offsetExists($key) should either be compatible with ArrayAccess::offsetExists(mixed $offset): bool, or the #[\ReturnTypeWillChange] attribute should be used to temporarily suppress the notice in /var/www/html/wp-includes/Requests/Utility/CaseInsensitiveDictionary.php on line 40
[05-Feb-2023 22:20:16 UTC] PHP Deprecated:  Return type of Requests_Utility_CaseInsensitiveDictionary::offsetGet($key) should either be compatible with ArrayAccess::offsetGet(mixed $offset): mixed, or the #[\ReturnTypeWillChange] attribute should be used to temporarily suppress the notice in /var/www/html/wp-includes/Requests/Utility/CaseInsensitiveDictionary.php on line 51
[05-Feb-2023 22:20:16 UTC] PHP Deprecated:  Return type of Requests_Utility_CaseInsensitiveDictionary::offsetSet($key, $value) should either be compatible with ArrayAccess::offsetSet(mixed $offset, mixed $value): void, or the #[\ReturnTypeWillChange] attribute should be used to temporarily suppress the notice in /var/www/html/wp-includes/Requests/Utility/CaseInsensitiveDictionary.php on line 68
[05-Feb-2023 22:20:16 UTC] PHP Deprecated:  Return type of Requests_Utility_CaseInsensitiveDictionary::offsetUnset($key) should either be compatible with ArrayAccess::offsetUnset(mixed $offset): void, or the #[\ReturnTypeWillChange] attribute should be used to temporarily suppress the notice in /var/www/html/wp-includes/Requests/Utility/CaseInsensitiveDictionary.php on line 82
[05-Feb-2023 22:20:16 UTC] PHP Deprecated:  Return type of Requests_Utility_CaseInsensitiveDictionary::getIterator() should either be compatible with IteratorAggregate::getIterator(): Traversable, or the #[\ReturnTypeWillChange] attribute should be used to temporarily suppress the notice in /var/www/html/wp-includes/Requests/Utility/CaseInsensitiveDictionary.php on line 91
[05-Feb-2023 22:20:16 UTC] PHP Warning:  Undefined variable $venue_postcode in /var/www/html/wp-content/plugins/mobile-dj-manager/includes/travel-functions.php on line 345
[05-Feb-2023 22:20:19 UTC] PHP Deprecated:  Automatic conversion of false to array is deprecated in /var/www/html/wp-content/plugins/mobile-dj-manager/includes/journal-functions.php on line 279
[05-Feb-2023 22:21:18 UTC] PHP Deprecated:  Return type of Requests_Cookie_Jar::offsetExists($key) should either be compatible with ArrayAccess::offsetExists(mixed $offset): bool, or the #[\ReturnTypeWillChange] attribute should be used to temporarily suppress the notice in /var/www/html/wp-includes/Requests/Cookie/Jar.php on line 63
[05-Feb-2023 22:21:18 UTC] PHP Deprecated:  Return type of Requests_Cookie_Jar::offsetGet($key) should either be compatible with ArrayAccess::offsetGet(mixed $offset): mixed, or the #[\ReturnTypeWillChange] attribute should be used to temporarily suppress the notice in /var/www/html/wp-includes/Requests/Cookie/Jar.php on line 73
[05-Feb-2023 22:21:18 UTC] PHP Deprecated:  Return type of Requests_Cookie_Jar::offsetSet($key, $value) should either be compatible with ArrayAccess::offsetSet(mixed $offset, mixed $value): void, or the #[\ReturnTypeWillChange] attribute should be used to temporarily suppress the notice in /var/www/html/wp-includes/Requests/Cookie/Jar.php on line 89
[05-Feb-2023 22:21:18 UTC] PHP Deprecated:  Return type of Requests_Cookie_Jar::offsetUnset($key) should either be compatible with ArrayAccess::offsetUnset(mixed $offset): void, or the #[\ReturnTypeWillChange] attribute should be used to temporarily suppress the notice in /var/www/html/wp-includes/Requests/Cookie/Jar.php on line 102
[05-Feb-2023 22:21:18 UTC] PHP Deprecated:  Return type of Requests_Cookie_Jar::getIterator() should either be compatible with IteratorAggregate::getIterator(): Traversable, or the #[\ReturnTypeWillChange] attribute should be used to temporarily suppress the notice in /var/www/html/wp-includes/Requests/Cookie/Jar.php on line 111
[05-Feb-2023 22:21:18 UTC] PHP Deprecated:  Return type of Requests_Utility_CaseInsensitiveDictionary::offsetExists($key) should either be compatible with ArrayAccess::offsetExists(mixed $offset): bool, or the #[\ReturnTypeWillChange] attribute should be used to temporarily suppress the notice in /var/www/html/wp-includes/Requests/Utility/CaseInsensitiveDictionary.php on line 40
[05-Feb-2023 22:21:18 UTC] PHP Deprecated:  Return type of Requests_Utility_CaseInsensitiveDictionary::offsetGet($key) should either be compatible with ArrayAccess::offsetGet(mixed $offset): mixed, or the #[\ReturnTypeWillChange] attribute should be used to temporarily suppress the notice in /var/www/html/wp-includes/Requests/Utility/CaseInsensitiveDictionary.php on line 51
[05-Feb-2023 22:21:18 UTC] PHP Deprecated:  Return type of Requests_Utility_CaseInsensitiveDictionary::offsetSet($key, $value) should either be compatible with ArrayAccess::offsetSet(mixed $offset, mixed $value): void, or the #[\ReturnTypeWillChange] attribute should be used to temporarily suppress the notice in /var/www/html/wp-includes/Requests/Utility/CaseInsensitiveDictionary.php on line 68
[05-Feb-2023 22:21:18 UTC] PHP Deprecated:  Return type of Requests_Utility_CaseInsensitiveDictionary::offsetUnset($key) should either be compatible with ArrayAccess::offsetUnset(mixed $offset): void, or the #[\ReturnTypeWillChange] attribute should be used to temporarily suppress the notice in /var/www/html/wp-includes/Requests/Utility/CaseInsensitiveDictionary.php on line 82
[05-Feb-2023 22:21:19 UTC] PHP Deprecated:  Return type of Requests_Utility_CaseInsensitiveDictionary::getIterator() should either be compatible with IteratorAggregate::getIterator(): Traversable, or the #[\ReturnTypeWillChange] attribute should be used to temporarily suppress the notice in /var/www/html/wp-includes/Requests/Utility/CaseInsensitiveDictionary.php on line 91
[05-Feb-2023 22:22:19 UTC] PHP Deprecated:  Return type of Requests_Cookie_Jar::offsetExists($key) should either be compatible with ArrayAccess::offsetExists(mixed $offset): bool, or the #[\ReturnTypeWillChange] attribute should be used to temporarily suppress the notice in /var/www/html/wp-includes/Requests/Cookie/Jar.php on line 63
[05-Feb-2023 22:22:19 UTC] PHP Deprecated:  Return type of Requests_Cookie_Jar::offsetGet($key) should either be compatible with ArrayAccess::offsetGet(mixed $offset): mixed, or the #[\ReturnTypeWillChange] attribute should be used to temporarily suppress the notice in /var/www/html/wp-includes/Requests/Cookie/Jar.php on line 73
[05-Feb-2023 22:22:19 UTC] PHP Deprecated:  Return type of Requests_Cookie_Jar::offsetSet($key, $value) should either be compatible with ArrayAccess::offsetSet(mixed $offset, mixed $value): void, or the #[\ReturnTypeWillChange] attribute should be used to temporarily suppress the notice in /var/www/html/wp-includes/Requests/Cookie/Jar.php on line 89
[05-Feb-2023 22:22:19 UTC] PHP Deprecated:  Return type of Requests_Cookie_Jar::offsetUnset($key) should either be compatible with ArrayAccess::offsetUnset(mixed $offset): void, or the #[\ReturnTypeWillChange] attribute should be used to temporarily suppress the notice in /var/www/html/wp-includes/Requests/Cookie/Jar.php on line 102
[05-Feb-2023 22:22:19 UTC] PHP Deprecated:  Return type of Requests_Cookie_Jar::getIterator() should either be compatible with IteratorAggregate::getIterator(): Traversable, or the #[\ReturnTypeWillChange] attribute should be used to temporarily suppress the notice in /var/www/html/wp-includes/Requests/Cookie/Jar.php on line 111
[05-Feb-2023 22:22:19 UTC] PHP Deprecated:  Return type of Requests_Utility_CaseInsensitiveDictionary::offsetExists($key) should either be compatible with ArrayAccess::offsetExists(mixed $offset): bool, or the #[\ReturnTypeWillChange] attribute should be used to temporarily suppress the notice in /var/www/html/wp-includes/Requests/Utility/CaseInsensitiveDictionary.php on line 40
[05-Feb-2023 22:22:19 UTC] PHP Deprecated:  Return type of Requests_Utility_CaseInsensitiveDictionary::offsetGet($key) should either be compatible with ArrayAccess::offsetGet(mixed $offset): mixed, or the #[\ReturnTypeWillChange] attribute should be used to temporarily suppress the notice in /var/www/html/wp-includes/Requests/Utility/CaseInsensitiveDictionary.php on line 51
[05-Feb-2023 22:22:19 UTC] PHP Deprecated:  Return type of Requests_Utility_CaseInsensitiveDictionary::offsetSet($key, $value) should either be compatible with ArrayAccess::offsetSet(mixed $offset, mixed $value): void, or the #[\ReturnTypeWillChange] attribute should be used to temporarily suppress the notice in /var/www/html/wp-includes/Requests/Utility/CaseInsensitiveDictionary.php on line 68
[05-Feb-2023 22:22:19 UTC] PHP Deprecated:  Return type of Requests_Utility_CaseInsensitiveDictionary::offsetUnset($key) should either be compatible with ArrayAccess::offsetUnset(mixed $offset): void, or the #[\ReturnTypeWillChange] attribute should be used to temporarily suppress the notice in /var/www/html/wp-includes/Requests/Utility/CaseInsensitiveDictionary.php on line 82
[05-Feb-2023 22:22:19 UTC] PHP Deprecated:  Return type of Requests_Utility_CaseInsensitiveDictionary::getIterator() should either be compatible with IteratorAggregate::getIterator(): Traversable, or the #[\ReturnTypeWillChange] attribute should be used to temporarily suppress the notice in /var/www/html/wp-includes/Requests/Utility/CaseInsensitiveDictionary.php on line 91
[05-Feb-2023 22:22:23 UTC] PHP Deprecated:  strpos(): Passing null to parameter #1 ($haystack) of type string is deprecated in /var/www/html/wp-includes/functions.php on line 7022
[05-Feb-2023 22:22:23 UTC] PHP Deprecated:  str_replace(): Passing null to parameter #3 ($subject) of type array|string is deprecated in /var/www/html/wp-includes/functions.php on line 2162
[05-Feb-2023 22:22:23 UTC] PHP Deprecated:  strpos(): Passing null to parameter #1 ($haystack) of type string is deprecated in /var/www/html/wp-includes/functions.php on line 7022
[05-Feb-2023 22:22:23 UTC] PHP Deprecated:  str_replace(): Passing null to parameter #3 ($subject) of type array|string is deprecated in /var/www/html/wp-includes/functions.php on line 2162
[05-Feb-2023 22:22:23 UTC] PHP Deprecated:  strpos(): Passing null to parameter #1 ($haystack) of type string is deprecated in /var/www/html/wp-includes/functions.php on line 7022
[05-Feb-2023 22:22:23 UTC] PHP Deprecated:  str_replace(): Passing null to parameter #3 ($subject) of type array|string is deprecated in /var/www/html/wp-includes/functions.php on line 2162
[05-Feb-2023 22:22:23 UTC] PHP Deprecated:  strpos(): Passing null to parameter #1 ($haystack) of type string is deprecated in /var/www/html/wp-includes/functions.php on line 7022
[05-Feb-2023 22:22:23 UTC] PHP Deprecated:  str_replace(): Passing null to parameter #3 ($subject) of type array|string is deprecated in /var/www/html/wp-includes/functions.php on line 2162
[05-Feb-2023 22:22:23 UTC] PHP Fatal error:  Uncaught Error: Call to undefined function cal_days_in_month() in /var/www/html/wp-content/plugins/mobile-dj-manager/includes/admin/reporting/graphing-functions.php:785
Stack trace:
#0 /var/www/html/wp-content/plugins/mobile-dj-manager/includes/admin/reporting/graphing-functions.php(27): mdjm_get_report_dates()
#1 /var/www/html/wp-content/plugins/mobile-dj-manager/includes/admin/reporting/reporting-functions.php(200): mdjm_earnings_reports_graph()
#2 /var/www/html/wp-includes/class-wp-hook.php(308): mdjm_reports_earnings('')
#3 /var/www/html/wp-includes/class-wp-hook.php(332): WP_Hook->apply_filters('', Array)
#4 /var/www/html/wp-includes/plugin.php(517): WP_Hook->do_action(Array)
#5 /var/www/html/wp-content/plugins/mobile-dj-manager/includes/admin/reporting/reporting-functions.php(146): do_action('mdjm_reports_vi...')
#6 /var/www/html/wp-includes/class-wp-hook.php(308): mdjm_reports_tab_reports('')
#7 /var/www/html/wp-includes/class-wp-hook.php(332): WP_Hook->apply_filters('', Array)
#8 /var/www/html/wp-includes/plugin.php(517): WP_Hook->do_action(Array)
#9 /var/www/html/wp-content/plugins/mobile-dj-manager/includes/admin/reporting/reporting-functions.php(64): do_action('mdjm_reports_ta...')
#10 /var/www/html/wp-includes/class-wp-hook.php(308): mdjm_reports_page('')
#11 /var/www/html/wp-includes/class-wp-hook.php(332): WP_Hook->apply_filters('', Array)
#12 /var/www/html/wp-includes/plugin.php(517): WP_Hook->do_action(Array)
#13 /var/www/html/wp-admin/admin.php(259): do_action('mdjm-event_page...')
#14 /var/www/html/wp-admin/edit.php(10): require_once('/var/www/html/w...')
#15 {main}
  thrown in /var/www/html/wp-content/plugins/mobile-dj-manager/includes/admin/reporting/graphing-functions.php on line 785
[05-Feb-2023 22:22:27 UTC] PHP Deprecated:  Automatic conversion of false to array is deprecated in /var/www/html/wp-content/plugins/mobile-dj-manager/includes/journal-functions.php on line 279
[05-Feb-2023 22:22:29 UTC] PHP Deprecated:  Automatic conversion of false to array is deprecated in /var/www/html/wp-content/plugins/mobile-dj-manager/includes/journal-functions.php on line 279
